Using pre-set license
Built from '2020.3/staging' branch; Version is '2020.3.18f1 (a7d1c678663c) revision 10998214'; Using compiler version '192528614'; Build Type 'Release'
OS: 'Windows 10 Pro; OS build 19043.1320; Version 2009; 64bit' Language: 'en' Physical Memory: 8088 MB
BatchMode: 1, IsHumanControllingUs: 0, StartBugReporterOnCrash: 0, Is64bit: 1, IsPro: 0

COMMAND LINE ARGUMENTS:
C:\Program Files\Unity\Hub\Editor\2020.3.18f1\Editor\Unity.exe
-adb2
-batchMode
-noUpm
-name
AssetImportWorker0
-projectPath
E:/,UTS/GAMEPROG/SELESAI/ProyekUTS
-logFile
Logs/AssetImportWorker0.log
-srvPort
53241
Successfully changed project path to: E:/,UTS/GAMEPROG/SELESAI/ProyekUTS
E:/,UTS/GAMEPROG/SELESAI/ProyekUTS
Using Asset Import Pipeline V2.
Refreshing native plugins compatible for Editor in 144.95 ms, found 3 plugins.
Preloading 0 native plugins for Editor in 0.00 ms.
Initialize engine version: 2020.3.18f1 (a7d1c678663c)
[Subsystems] Discovering subsystems at path C:/Program Files/Unity/Hub/Editor/2020.3.18f1/Editor/Data/Resources/UnitySubsystems
[Subsystems] Discovering subsystems at path E:/,UTS/GAMEPROG/SELESAI/ProyekUTS/Assets
GfxDevice: creating device client; threaded=0
Direct3D:
    Version:  Direct3D 11.0 [level 11.0]
    Renderer: NVIDIA GeForce 920MX (ID=0x134f)
    Vendor:   
    VRAM:     2010 MB
    Driver:   30.0.14.9613
Initialize mono
Mono path[0] = 'C:/Program Files/Unity/Hub/Editor/2020.3.18f1/Editor/Data/Managed'
Mono path[1] = 'C:/Program Files/Unity/Hub/Editor/2020.3.18f1/Editor/Data/MonoBleedingEdge/lib/mono/unityjit'
Mono config path = 'C:/Program Files/Unity/Hub/Editor/2020.3.18f1/Editor/Data/MonoBleedingEdge/etc'
Using monoOptions --debugger-agent=transport=dt_socket,embedding=1,server=y,suspend=n,address=127.0.0.1:56976
Begin MonoManager ReloadAssembly
Registering precompiled unity dll's ...
Register platform support module: C:/Program Files/Unity/Hub/Editor/2020.3.18f1/Editor/Data/PlaybackEngines/WindowsStandaloneSupport/UnityEditor.WindowsStandalone.Extensions.dll
Registered in 0.004044 seconds.
Native extension for WindowsStandalone target not found
Refreshing native plugins compatible for Editor in 238.17 ms, found 3 plugins.
Preloading 0 native plugins for Editor in 0.00 ms.
Mono: successfully reloaded assembly
- Completed reload, in 11.182 seconds
Domain Reload Profiling:
	ReloadAssembly (11183ms)
		BeginReloadAssembly (142ms)
			ExecutionOrderSort (0ms)
			DisableScriptedObjects (0ms)
			BackupInstance (0ms)
			ReleaseScriptingObjects (0ms)
			CreateAndSetChildDomain (2ms)
		EndReloadAssembly (1028ms)
			LoadAssemblies (136ms)
			RebuildTransferFunctionScriptingTraits (0ms)
			SetupTypeCache (326ms)
			ReleaseScriptCaches (0ms)
			RebuildScriptCaches (62ms)
			SetupLoadedEditorAssemblies (483ms)
				LogAssemblyErrors (0ms)
				InitializePlatformSupportModulesInManaged (8ms)
				SetLoadedEditorAssemblies (1ms)
				RefreshPlugins (238ms)
				BeforeProcessingInitializeOnLoad (26ms)
				ProcessInitializeOnLoadAttributes (156ms)
				ProcessInitializeOnLoadMethodAttributes (54ms)
				AfterProcessingInitializeOnLoad (0ms)
				EditorAssembliesLoaded (1ms)
			ExecutionOrderSort2 (0ms)
			AwakeInstancesAfterBackupRestoration (0ms)
Platform modules already initialized, skipping
Registering precompiled user dll's ...
Registered in 0.005425 seconds.
Begin MonoManager ReloadAssembly
Native extension for WindowsStandalone target not found
Refreshing native plugins compatible for Editor in 129.83 ms, found 3 plugins.
Preloading 0 native plugins for Editor in 0.00 ms.
Mono: successfully reloaded assembly
- Completed reload, in  2.618 seconds
Domain Reload Profiling:
	ReloadAssembly (2619ms)
		BeginReloadAssembly (339ms)
			ExecutionOrderSort (0ms)
			DisableScriptedObjects (9ms)
			BackupInstance (0ms)
			ReleaseScriptingObjects (0ms)
			CreateAndSetChildDomain (33ms)
		EndReloadAssembly (2149ms)
			LoadAssemblies (208ms)
			RebuildTransferFunctionScriptingTraits (0ms)
			SetupTypeCache (708ms)
			ReleaseScriptCaches (1ms)
			RebuildScriptCaches (120ms)
			SetupLoadedEditorAssemblies (852ms)
				LogAssemblyErrors (0ms)
				InitializePlatformSupportModulesInManaged (8ms)
				SetLoadedEditorAssemblies (0ms)
				RefreshPlugins (130ms)
				BeforeProcessingInitializeOnLoad (186ms)
				ProcessInitializeOnLoadAttributes (484ms)
				ProcessInitializeOnLoadMethodAttributes (30ms)
				AfterProcessingInitializeOnLoad (13ms)
				EditorAssembliesLoaded (0ms)
			ExecutionOrderSort2 (0ms)
			AwakeInstancesAfterBackupRestoration (16ms)
Platform modules already initialized, skipping
========================================================================
Worker process is ready to serve import requests
Launched and connected shader compiler UnityShaderCompiler.exe after 0.08 seconds
Refreshing native plugins compatible for Editor in 0.91 ms, found 3 plugins.
Preloading 0 native plugins for Editor in 0.00 ms.
Unloading 3288 Unused Serialized files (Serialized files now loaded: 0)
System memory in use before: 142.7 MB.
System memory in use after: 142.9 MB.

Unloading 27 unused Assets to reduce memory usage. Loaded Objects now: 3726.
Total: 6.186100 ms (FindLiveObjects: 0.418500 ms CreateObjectMapping: 0.320600 ms MarkObjects: 5.321400 ms  DeleteObjects: 0.123800 ms)

AssetImportParameters requested are different than current active one (requested -> active):
  custom:framework-win-MediaFoundation: 216162199b28c13a410421893ffa2e32 -> 
  custom:video-decoder-ogg-theora: a1e56fd34408186e4bbccfd4996cb3dc -> 
  custom:container-muxer-webm: aa71ff27fc2769a1b78a27578f13a17b -> 
  custom:container-demuxer-webm: 4f35f7cbe854078d1ac9338744f61a02 -> 
  custom:container-demuxer-ogg: 62fdf1f143b41e24485cea50d1cbac27 -> 
  custom:video-encoder-webm-vp8: eb34c28f22e8b96e1ab97ce403110664 -> 
  custom:video-decoder-webm-vp8: 9c59270c3fd7afecdb556c50c9e8de78 -> 
  custom:audio-decoder-ogg-vorbis: bf7c407c2cedff20999df2af8eb42d56 -> 
  custom:audio-encoder-webm-vorbis: bf7c407c2cedff20999df2af8eb42d56 -> 
========================================================================
Received Import Request.
  path: Assets/Script/MobileMovement.cs
  artifactKey: Guid(de37a81687b34bc4ca2a7c9490b59f64) Importer(815301076,1909f56bfc062723c751e8b465ee728b)
Start importing Assets/Script/MobileMovement.cs using Guid(de37a81687b34bc4ca2a7c9490b59f64) Importer(815301076,1909f56bfc062723c751e8b465ee728b)  -> (artifact id: '622476f44275c7238b190fa76f7b6ac4') in 0.416595 seconds 
  Import took 0.458254 seconds .

========================================================================
Received Prepare
Refreshing native plugins compatible for Editor in 5.60 ms, found 3 plugins.
Preloading 0 native plugins for Editor in 0.00 ms.
Unloading 13 Unused Serialized files (Serialized files now loaded: 0)
System memory in use before: 71.6 MB.
System memory in use after: 71.8 MB.

Unloading 13 unused Assets to reduce memory usage. Loaded Objects now: 3726.
Total: 6.136700 ms (FindLiveObjects: 0.483800 ms CreateObjectMapping: 0.372900 ms MarkObjects: 5.239000 ms  DeleteObjects: 0.039500 ms)

AssetImportParameters requested are different than current active one (requested -> active):
  custom:framework-win-MediaFoundation: 216162199b28c13a410421893ffa2e32 -> 
  custom:video-decoder-ogg-theora: a1e56fd34408186e4bbccfd4996cb3dc -> 
  custom:container-muxer-webm: aa71ff27fc2769a1b78a27578f13a17b -> 
  custom:container-demuxer-webm: 4f35f7cbe854078d1ac9338744f61a02 -> 
  custom:container-demuxer-ogg: 62fdf1f143b41e24485cea50d1cbac27 -> 
  custom:video-encoder-webm-vp8: eb34c28f22e8b96e1ab97ce403110664 -> 
  custom:video-decoder-webm-vp8: 9c59270c3fd7afecdb556c50c9e8de78 -> 
  custom:audio-decoder-ogg-vorbis: bf7c407c2cedff20999df2af8eb42d56 -> 
  custom:audio-encoder-webm-vorbis: bf7c407c2cedff20999df2af8eb42d56 -> 
========================================================================
Received Import Request.
  Time since last request: 4.928582 seconds.
  path: Assets/Script/MovementController.cs
  artifactKey: Guid(9855763845f5ddc4387b896685394201) Importer(815301076,1909f56bfc062723c751e8b465ee728b)
Start importing Assets/Script/MovementController.cs using Guid(9855763845f5ddc4387b896685394201) Importer(815301076,1909f56bfc062723c751e8b465ee728b)  -> (artifact id: '706e8812eda8f4594b70c595564ef8f3') in 0.002862 seconds 
  Import took 0.040436 seconds .

========================================================================
Received Import Request.
  Time since last request: 0.036271 seconds.
  path: Assets/Script/MovementController.cs
  artifactKey: Guid(9855763845f5ddc4387b896685394201) Importer(815301076,1909f56bfc062723c751e8b465ee728b)
Start importing Assets/Script/MovementController.cs using Guid(9855763845f5ddc4387b896685394201) Importer(815301076,1909f56bfc062723c751e8b465ee728b)  -> (artifact id: '706e8812eda8f4594b70c595564ef8f3') in 0.002554 seconds 
  Import took 0.013116 seconds .

========================================================================
Received Import Request.
  Time since last request: 1.620560 seconds.
  path: Assets/Script/MusicController.cs
  artifactKey: Guid(103010d1659fde444ae10ce92e43d7c2) Importer(815301076,1909f56bfc062723c751e8b465ee728b)
Start importing Assets/Script/MusicController.cs using Guid(103010d1659fde444ae10ce92e43d7c2) Importer(815301076,1909f56bfc062723c751e8b465ee728b)  -> (artifact id: '0a035f3bdead7d1ecd883adaf1109bce') in 0.002650 seconds 
  Import took 0.053507 seconds .

========================================================================
Received Import Request.
  Time since last request: 1.890234 seconds.
  path: Assets/Script/Patrol.cs
  artifactKey: Guid(4f292cc925e91614db44320789b1b52d) Importer(815301076,1909f56bfc062723c751e8b465ee728b)
Start importing Assets/Script/Patrol.cs using Guid(4f292cc925e91614db44320789b1b52d) Importer(815301076,1909f56bfc062723c751e8b465ee728b)  -> (artifact id: '908eda35db5c26f1112a4cf93afdcd70') in 0.002540 seconds 
  Import took 0.032930 seconds .

AssetImportWorkerClient::OnTransportError - code=2 error=End of file
